{"/Users/davidkatz/react_tdd/react_tdd_scripts/giftgiver/src/components/App.js": {"path":"/Users/davidkatz/react_tdd/react_tdd_scripts/giftgiver/src/components/App.js","statementMap":{"0":{"start":{"line":8,"column":4},"end":{"line":8,"column":12}},"1":{"start":{"line":10,"column":4},"end":{"line":10,"column":31}},"2":{"start":{"line":14,"column":22},"end":{"line":14,"column":32}},"3":{"start":{"line":16,"column":4},"end":{"line":16,"column":76}},"4":{"start":{"line":16,"column":61},"end":{"line":16,"column":68}},"5":{"start":{"line":18,"column":4},"end":{"line":18,"column":29}},"6":{"start":{"line":22,"column":4},"end":{"line":22,"column":78}},"7":{"start":{"line":22,"column":59},"end":{"line":22,"column":73}},"8":{"start":{"line":26,"column":4},"end":{"line":44,"column":5}},"9":{"start":{"line":32,"column":14},"end":{"line":38,"column":15}}},"fnMap":{"0":{"name":"(anonymous_0)","decl":{"start":{"line":7,"column":2},"end":{"line":7,"column":3}},"loc":{"start":{"line":7,"column":16},"end":{"line":11,"column":3}},"line":7},"1":{"name":"(anonymous_1)","decl":{"start":{"line":13,"column":12},"end":{"line":13,"column":13}},"loc":{"start":{"line":13,"column":18},"end":{"line":19,"column":3}},"line":13},"2":{"name":"(anonymous_2)","decl":{"start":{"line":16,"column":53},"end":{"line":16,"column":54}},"loc":{"start":{"line":16,"column":61},"end":{"line":16,"column":68}},"line":16},"3":{"name":"(anonymous_3)","decl":{"start":{"line":21,"column":15},"end":{"line":21,"column":16}},"loc":{"start":{"line":21,"column":21},"end":{"line":23,"column":3}},"line":21},"4":{"name":"(anonymous_4)","decl":{"start":{"line":22,"column":51},"end":{"line":22,"column":52}},"loc":{"start":{"line":22,"column":59},"end":{"line":22,"column":73}},"line":22},"5":{"name":"(anonymous_5)","decl":{"start":{"line":25,"column":2},"end":{"line":25,"column":3}},"loc":{"start":{"line":25,"column":11},"end":{"line":45,"column":3}},"line":25},"6":{"name":"(anonymous_6)","decl":{"start":{"line":31,"column":33},"end":{"line":31,"column":34}},"loc":{"start":{"line":31,"column":41},"end":{"line":39,"column":13}},"line":31}},"branchMap":{},"s":{"0":1,"1":1,"2":4,"3":4,"4":0,"5":4,"6":1,"7":1,"8":10,"9":4},"f":{"0":1,"1":4,"2":0,"3":1,"4":1,"5":10,"6":4},"b":{},"_coverageSchema":"332fd63041d2c1bcb487cc26dd0d5f7d97098a6c","hash":"2e9626b7fb3a06ede0f63f79a5b7715a16f4aeb0"}
,"/Users/davidkatz/react_tdd/react_tdd_scripts/giftgiver/src/components/Gift.js": {"path":"/Users/davidkatz/react_tdd/react_tdd_scripts/giftgiver/src/components/Gift.js","statementMap":{"0":{"start":{"line":6,"column":4},"end":{"line":6,"column":12}},"1":{"start":{"line":8,"column":4},"end":{"line":8,"column":45}},"2":{"start":{"line":12,"column":4},"end":{"line":37,"column":5}},"3":{"start":{"line":19,"column":33},"end":{"line":19,"column":78}},"4":{"start":{"line":26,"column":33},"end":{"line":26,"column":79}},"5":{"start":{"line":32,"column":25},"end":{"line":32,"column":66}}},"fnMap":{"0":{"name":"(anonymous_0)","decl":{"start":{"line":5,"column":2},"end":{"line":5,"column":3}},"loc":{"start":{"line":5,"column":16},"end":{"line":9,"column":3}},"line":5},"1":{"name":"(anonymous_1)","decl":{"start":{"line":11,"column":2},"end":{"line":11,"column":3}},"loc":{"start":{"line":11,"column":11},"end":{"line":38,"column":3}},"line":11},"2":{"name":"(anonymous_2)","decl":{"start":{"line":19,"column":24},"end":{"line":19,"column":25}},"loc":{"start":{"line":19,"column":33},"end":{"line":19,"column":78}},"line":19},"3":{"name":"(anonymous_3)","decl":{"start":{"line":26,"column":24},"end":{"line":26,"column":25}},"loc":{"start":{"line":26,"column":33},"end":{"line":26,"column":79}},"line":26},"4":{"name":"(anonymous_4)","decl":{"start":{"line":32,"column":19},"end":{"line":32,"column":20}},"loc":{"start":{"line":32,"column":25},"end":{"line":32,"column":66}},"line":32}},"branchMap":{},"s":{"0":1,"1":1,"2":3,"3":1,"4":1,"5":1},"f":{"0":1,"1":3,"2":1,"3":1,"4":1},"b":{},"_coverageSchema":"332fd63041d2c1bcb487cc26dd0d5f7d97098a6c","hash":"22bae739380edd09bbcac8c8208d06a0ae04f416"}
,"/Users/davidkatz/react_tdd/react_tdd_scripts/giftgiver/src/helper/index.js": {"path":"/Users/davidkatz/react_tdd/react_tdd_scripts/giftgiver/src/helper/index.js","statementMap":{"0":{"start":{"line":1,"column":26},"end":{"line":3,"column":1}},"1":{"start":{"line":2,"column":2},"end":{"line":2,"column":55}}},"fnMap":{"0":{"name":"(anonymous_0)","decl":{"start":{"line":1,"column":26},"end":{"line":1,"column":27}},"loc":{"start":{"line":1,"column":37},"end":{"line":3,"column":1}},"line":1}},"branchMap":{"0":{"loc":{"start":{"line":2,"column":9},"end":{"line":2,"column":54}},"type":"cond-expr","locations":[{"start":{"line":2,"column":30},"end":{"line":2,"column":50}},{"start":{"line":2,"column":53},"end":{"line":2,"column":54}}],"line":2}},"s":{"0":2,"1":6},"f":{"0":6},"b":{"0":[1,5]},"_coverageSchema":"332fd63041d2c1bcb487cc26dd0d5f7d97098a6c","hash":"b2f3fce4a3852b7b40cc884d465b6fc11cfb7c1c"}
}
